c:\users\r2\desktop\yoda\learning_myself\c_c++\visual_c++\c++_primer_book\bin\intermediates\win32\debug\vc142.pdb
c:\users\r2\desktop\yoda\learning_myself\c_c++\visual_c++\c++_primer_book\bin\intermediates\win32\debug\vc142.idb
c:\users\r2\desktop\yoda\learning_myself\c_c++\visual_c++\c++_primer_book\bin\intermediates\win32\debug\main1.obj
c:\users\r2\desktop\yoda\learning_myself\c_c++\visual_c++\c++_primer_book\bin\intermediates\win32\debug\main2.obj
c:\users\r2\desktop\yoda\learning_myself\c_c++\visual_c++\c++_primer_book\bin\intermediates\win32\debug\main3.obj
c:\users\r2\desktop\yoda\learning_myself\c_c++\visual_c++\c++_primer_book\bin\intermediates\win32\debug\main4.obj
c:\users\r2\desktop\yoda\learning_myself\c_c++\visual_c++\c++_primer_book\bin\intermediates\win32\debug\main5.obj
c:\users\r2\desktop\yoda\learning_myself\c_c++\visual_c++\c++_primer_book\bin\intermediates\win32\debug\main6.obj
c:\users\r2\desktop\yoda\learning_myself\c_c++\visual_c++\c++_primer_book\bin\intermediates\win32\debug\main7.obj
c:\users\r2\desktop\yoda\learning_myself\c_c++\visual_c++\c++_primer_book\bin\intermediates\win32\debug\main8.obj
c:\users\r2\desktop\yoda\learning_myself\c_c++\visual_c++\c++_primer_book\bin\intermediates\win32\debug\main9.obj
c:\users\r2\desktop\yoda\learning_myself\c_c++\visual_c++\c++_primer_book\bin\intermediates\win32\debug\main10.obj
c:\users\r2\desktop\yoda\learning_myself\c_c++\visual_c++\c++_primer_book\bin\win32\debug\c++_primer_book.exe
c:\users\r2\desktop\yoda\learning_myself\c_c++\visual_c++\c++_primer_book\bin\win32\debug\c++_primer_book.ilk
c:\users\r2\desktop\yoda\learning_myself\c_c++\visual_c++\c++_primer_book\bin\win32\debug\c++_primer_book.pdb
c:\users\r2\desktop\yoda\learning_myself\c_c++\visual_c++\c++_primer_book\\bin\win32\debug\c++_primer_book.pdb
c:\users\r2\desktop\yoda\learning_myself\c_c++\visual_c++\c++_primer_book\\bin\win32\debug\c++_primer_book.exe
c:\users\r2\desktop\yoda\learning_myself\c_c++\visual_c++\c++_primer_book\\bin\win32\debug\c++_primer_book.ilk
c:\users\r2\desktop\yoda\learning_myself\c_c++\visual_c++\c++_primer_book\bin\intermediates\win32\debug\c++_primer_book.tlog\cl.command.1.tlog
c:\users\r2\desktop\yoda\learning_myself\c_c++\visual_c++\c++_primer_book\bin\intermediates\win32\debug\c++_primer_book.tlog\cl.read.1.tlog
c:\users\r2\desktop\yoda\learning_myself\c_c++\visual_c++\c++_primer_book\bin\intermediates\win32\debug\c++_primer_book.tlog\cl.write.1.tlog
c:\users\r2\desktop\yoda\learning_myself\c_c++\visual_c++\c++_primer_book\bin\intermediates\win32\debug\c++_primer_book.tlog\link.command.1.tlog
c:\users\r2\desktop\yoda\learning_myself\c_c++\visual_c++\c++_primer_book\bin\intermediates\win32\debug\c++_primer_book.tlog\link.read.1.tlog
c:\users\r2\desktop\yoda\learning_myself\c_c++\visual_c++\c++_primer_book\bin\intermediates\win32\debug\c++_primer_book.tlog\link.write.1.tlog
